<?xml version="1.0" encoding="UTF-8"?>
<!-- Generated by org.testng.reporters.JUnitReportReporter -->
<testsuite skipped="0" hostname="DESKTOP-AQ1JSND" name="testCases.LoginPageTest" tests="1" failures="0" timestamp="13 Feb 2021 20:47:30 GMT" time="13.731" errors="0">
  <testcase name="LoginTest" time="13.731" classname="testCases.LoginPageTest"/>
</testsuite> <!-- testCases.LoginPageTest -->
